<?xml version="1.0" encoding="utf-8"?><testsuites name="pytest tests"><testsuite name="pytest" errors="0" failures="1" skipped="0" tests="24" time="10.229" timestamp="2026-03-03T12:18:16.148378+00:00" hostname="agent-env-4695b6eb-758f-46f4-8960-d76f376f99a7"><testcase classname="tests.test_auth.TestAuth" name="test_login_success" time="0.415" /><testcase classname="tests.test_auth.TestAuth" name="test_login_invalid_credentials" time="0.337" /><testcase classname="tests.test_auth.TestAuth" name="test_login_nonexistent_user" time="0.110" /><testcase classname="tests.test_auth.TestAuth" name="test_get_me" time="0.367" /><testcase classname="tests.test_auth.TestAuth" name="test_get_me_unauthorized" time="0.102"><failure message="assert 403 == 401&#10; +  where 403 = &lt;Response [403]&gt;.status_code">tests/test_auth.py:50: in test_get_me_unauthorized
    assert response.status_code == 401
E   assert 403 == 401
E    +  where 403 = &lt;Response [403]&gt;.status_code</failure></testcase><testcase classname="tests.test_crud.TestProperties" name="test_create_property" time="0.507" /><testcase classname="tests.test_crud.TestProperties" name="test_get_properties" time="0.367" /><testcase classname="tests.test_crud.TestProperties" name="test_update_property" time="0.552" /><testcase classname="tests.test_crud.TestProperties" name="test_delete_property" time="0.466" /><testcase classname="tests.test_crud.TestPropertyTaxes" name="test_create_property_tax" time="0.524" /><testcase classname="tests.test_crud.TestPropertyTaxes" name="test_get_property_taxes" time="0.378" /><testcase classname="tests.test_crud.TestVehicles" name="test_create_vehicle" time="0.487" /><testcase classname="tests.test_crud.TestVehicles" name="test_get_vehicles" time="0.376" /><testcase classname="tests.test_crud.TestVehicles" name="test_update_vehicle" time="0.539" /><testcase classname="tests.test_crud.TestVehicles" name="test_delete_vehicle" time="0.479" /><testcase classname="tests.test_crud.TestUtilityBills" name="test_create_electricity_bill" time="0.532" /><testcase classname="tests.test_crud.TestUtilityBills" name="test_get_electricity_bills" time="0.382" /><testcase classname="tests.test_crud.TestUtilityBills" name="test_create_gas_bill" time="0.567" /><testcase classname="tests.test_crud.TestUtilityBills" name="test_get_gas_bills" time="0.376" /><testcase classname="tests.test_crud.TestUtilityBills" name="test_create_water_bill" time="0.568" /><testcase classname="tests.test_crud.TestUtilityBills" name="test_get_water_bills" time="0.373" /><testcase classname="tests.test_crud.TestUtilityBills" name="test_create_solar_meter" time="0.566" /><testcase classname="tests.test_crud.TestUtilityBills" name="test_get_solar_meters" time="0.368" /><testcase classname="tests.test_crud.TestDashboard" name="test_get_dashboard_stats" time="0.394" /></testsuite></testsuites>